2019-02-25 16:24:42.082  INFO 70172 --- [main] com.test.zonky.ZonkyApplication          : Starting ZonkyApplication on VSTANDERA with PID 70172 (C:\Repository\ZonkyTestL\target\classes started by vstan in C:\Repository\ZonkyTestL)
2019-02-25 16:24:42.089  INFO 70172 --- [main] com.test.zonky.ZonkyApplication          : No active profile set, falling back to default profiles: default
2019-02-25 16:24:42.188  INFO 70172 --- [main] ConfigServletWebServerApplicationContext : Refreshing org.springframework.boot.web.servlet.context.AnnotationConfigServletWebServerApplicationContext@7714e963: startup date [Mon Feb 25 16:24:42 CET 2019]; root of context hierarchy
2019-02-25 16:24:45.036  INFO 70172 --- [main] trationDelegate$BeanPostProcessorChecker : Bean 'org.springframework.transaction.annotation.ProxyTransactionManagementConfiguration' of type [org.springframework.transaction.annotation.ProxyTransactionManagementConfiguration$$EnhancerBySpringCGLIB$$8c737d0b] is not eligible for getting processed by all BeanPostProcessors (for example: not eligible for auto-proxying)
2019-02-25 16:24:45.480  INFO 70172 --- [main] o.s.b.w.embedded.tomcat.TomcatWebServer  : Tomcat initialized with port(s): 8080 (http)
2019-02-25 16:24:45.512  INFO 70172 --- [main] o.apache.catalina.core.StandardService   : Starting service [Tomcat]
2019-02-25 16:24:45.513  INFO 70172 --- [main] org.apache.catalina.core.StandardEngine  : Starting Servlet Engine: Apache Tomcat/8.5.31
2019-02-25 16:24:45.521  INFO 70172 --- [localhost-startStop-1] o.a.catalina.core.AprLifecycleListener   : The APR based Apache Tomcat Native library which allows optimal performance in production environments was not found on the java.library.path: [C:\Program Files\Java\jdk1.8.0_144\bin;C:\WINDOWS\Sun\Java\bin;C:\WINDOWS\system32;C:\WINDOWS;C:\ProgramData\DockerDesktop\version-bin;C:\Program Files\Docker\Docker\Resources\bin;C:\Program Files (x86)\Intel\Intel(R) Management Engine Components\iCLS\;C:\Program Files\Intel\Intel(R) Management Engine Components\iCLS\;C:\Program Files (x86)\Common Files\Oracle\Java\javapath;C:\ProgramData\Oracle\Java\javapath;C:\WINDOWS\system32;C:\WINDOWS;C:\WINDOWS\System32\Wbem;C:\WINDOWS\System32\WindowsPowerShell\v1.0\;c:\apache-maven-3.5.0\bin;C:\Program Files (x86)\WinMerge;C:\Program Files\TortoiseSVN\bin;C:\PostgreSQL\pg96\bin;C:\Program Files\TortoiseGit\bin;C:\Program Files\PuTTY\;C:\Program Files\Git\cmd;c:\Program Files\Java\jdk1.8.0_144\bin\;C:\Program Files\nodejs\;C:\WINDOWS\System32\OpenSSH\;c:\geckodriver\;c:\gradle-4.9\gradle-4.9\bin;C:\Program Files (x86)\Intel\Intel(R) Management Engine Components\DAL;C:\Program Files\Intel\Intel(R) Management Engine Components\DAL;C:\Program Files (x86)\Intel\Intel(R) Management Engine Components\IPT;C:\Program Files\Intel\Intel(R) Management Engine Components\IPT;C:\Program Files (x86)\Bitvise SSH Client;C:\Program Files (x86)\Google\Google Apps Sync\;C:\Program Files (x86)\Google\Google Apps Migration\;C:\Users\vstan\AppData\Local\Microsoft\WindowsApps;C:\Users\vstan\AppData\Roaming\npm;C:\Users\vstan\AppData\Local\GitHubDesktop\bin;.]
2019-02-25 16:24:45.830  INFO 70172 --- [localhost-startStop-1] o.a.c.c.C.[Tomcat].[localhost].[/]       : Initializing Spring embedded WebApplicationContext
2019-02-25 16:24:45.831  INFO 70172 --- [localhost-startStop-1] o.s.web.context.ContextLoader            : Root WebApplicationContext: initialization completed in 3643 ms
2019-02-25 16:24:46.317  INFO 70172 --- [localhost-startStop-1] o.s.b.w.servlet.ServletRegistrationBean  : Servlet dispatcherServlet mapped to [/]
2019-02-25 16:24:46.322  INFO 70172 --- [localhost-startStop-1] o.s.b.w.servlet.FilterRegistrationBean   : Mapping filter: 'characterEncodingFilter' to: [/*]
2019-02-25 16:24:46.323  INFO 70172 --- [localhost-startStop-1] o.s.b.w.servlet.FilterRegistrationBean   : Mapping filter: 'hiddenHttpMethodFilter' to: [/*]
2019-02-25 16:24:46.323  INFO 70172 --- [localhost-startStop-1] o.s.b.w.servlet.FilterRegistrationBean   : Mapping filter: 'httpPutFormContentFilter' to: [/*]
2019-02-25 16:24:46.323  INFO 70172 --- [localhost-startStop-1] o.s.b.w.servlet.FilterRegistrationBean   : Mapping filter: 'requestContextFilter' to: [/*]
2019-02-25 16:24:46.511  INFO 70172 --- [main] com.zaxxer.hikari.HikariDataSource       : HikariPool-1 - Starting...
2019-02-25 16:24:46.639  INFO 70172 --- [main] com.zaxxer.hikari.HikariDataSource       : HikariPool-1 - Start completed.
2019-02-25 16:24:46.688  INFO 70172 --- [main] j.LocalContainerEntityManagerFactoryBean : Building JPA container EntityManagerFactory for persistence unit 'default'
2019-02-25 16:24:46.700  INFO 70172 --- [main] o.hibernate.jpa.internal.util.LogHelper  : HHH000204: Processing PersistenceUnitInfo [
	name: default
	...]
2019-02-25 16:24:46.837  INFO 70172 --- [main] org.hibernate.Version                    : HHH000412: Hibernate Core {5.2.17.Final}
2019-02-25 16:24:46.839  INFO 70172 --- [main] org.hibernate.cfg.Environment            : HHH000206: hibernate.properties not found
2019-02-25 16:24:46.881  INFO 70172 --- [main] o.hibernate.annotations.common.Version   : HCANN000001: Hibernate Commons Annotations {5.0.1.Final}
2019-02-25 16:24:46.988  INFO 70172 --- [main] org.hibernate.dialect.Dialect            : HHH000400: Using dialect: org.hibernate.dialect.H2Dialect
2019-02-25 16:24:47.179  INFO 70172 --- [main] o.h.t.schema.internal.SchemaCreatorImpl  : HHH000476: Executing import script 'org.hibernate.tool.schema.internal.exec.ScriptSourceInputNonExistentImpl@7636823f'
2019-02-25 16:24:47.182  INFO 70172 --- [main] j.LocalContainerEntityManagerFactoryBean : Initialized JPA EntityManagerFactory for persistence unit 'default'
2019-02-25 16:24:47.284  INFO 70172 --- [main] o.s.w.s.handler.SimpleUrlHandlerMapping  : Mapped URL path [/**/favicon.ico] onto handler of type [class org.springframework.web.servlet.resource.ResourceHttpRequestHandler]
2019-02-25 16:24:47.519  INFO 70172 --- [main] s.w.s.m.m.a.RequestMappingHandlerAdapter : Looking for @ControllerAdvice: org.springframework.boot.web.servlet.context.AnnotationConfigServletWebServerApplicationContext@7714e963: startup date [Mon Feb 25 16:24:42 CET 2019]; root of context hierarchy
2019-02-25 16:24:47.543  WARN 70172 --- [main] aWebConfiguration$JpaWebMvcConfiguration : spring.jpa.open-in-view is enabled by default. Therefore, database queries may be performed during view rendering. Explicitly configure spring.jpa.open-in-view to disable this warning
2019-02-25 16:24:47.573  INFO 70172 --- [main] s.w.s.m.m.a.RequestMappingHandlerMapping : Mapped "{[/marketplace],methods=[GET]}" onto public java.lang.String com.test.zonky.controllers.MarketController.getAllFines(org.springframework.ui.Model)
2019-02-25 16:24:47.575  INFO 70172 --- [main] s.w.s.m.m.a.RequestMappingHandlerMapping : Mapped "{[/zonky/marketplace]}" onto public org.springframework.http.ResponseEntity<java.util.List<com.test.zonky.data.Loan>> com.test.zonky.controllers.MarketRestController.getMarketplaceZonky()
2019-02-25 16:24:47.576  INFO 70172 --- [main] s.w.s.m.m.a.RequestMappingHandlerMapping : Mapped "{[/error]}" onto public org.springframework.http.ResponseEntity<java.util.Map<java.lang.String, java.lang.Object>> org.springframework.boot.autoconfigure.web.servlet.error.BasicErrorController.error(javax.servlet.http.HttpServletRequest)
2019-02-25 16:24:47.577  INFO 70172 --- [main] s.w.s.m.m.a.RequestMappingHandlerMapping : Mapped "{[/error],produces=[text/html]}" onto public org.springframework.web.servlet.ModelAndView org.springframework.boot.autoconfigure.web.servlet.error.BasicErrorController.errorHtml(javax.servlet.http.HttpServletRequest,javax.servlet.http.HttpServletResponse)
2019-02-25 16:24:47.600  INFO 70172 --- [main] o.s.w.s.handler.SimpleUrlHandlerMapping  : Mapped URL path [/webjars/**] onto handler of type [class org.springframework.web.servlet.resource.ResourceHttpRequestHandler]
2019-02-25 16:24:47.600  INFO 70172 --- [main] o.s.w.s.handler.SimpleUrlHandlerMapping  : Mapped URL path [/**] onto handler of type [class org.springframework.web.servlet.resource.ResourceHttpRequestHandler]
2019-02-25 16:24:47.907  INFO 70172 --- [main] o.s.j.e.a.AnnotationMBeanExporter        : Registering beans for JMX exposure on startup
2019-02-25 16:24:47.909  INFO 70172 --- [main] o.s.j.e.a.AnnotationMBeanExporter        : Bean with name 'dataSource' has been autodetected for JMX exposure
2019-02-25 16:24:47.914  INFO 70172 --- [main] o.s.j.e.a.AnnotationMBeanExporter        : Located MBean 'dataSource': registering with JMX server as MBean [com.zaxxer.hikari:name=dataSource,type=HikariDataSource]
2019-02-25 16:24:47.924  INFO 70172 --- [main] s.a.ScheduledAnnotationBeanPostProcessor : No TaskScheduler/ScheduledExecutorService bean found for scheduled processing
2019-02-25 16:24:47.956  INFO 70172 --- [main] o.s.b.w.embedded.tomcat.TomcatWebServer  : Tomcat started on port(s): 8080 (http) with context path ''
2019-02-25 16:24:47.961  INFO 70172 --- [main] com.test.zonky.ZonkyApplication          : Started ZonkyApplication in 6.426 seconds (JVM running for 7.875)
2019-02-25 16:24:48.958  INFO 70172 --- [pool-1-thread-1] c.t.z.controllers.MarketRestController   : The loans is change.
2019-02-25 16:27:52.358  INFO 74876 --- [main] com.test.zonky.ZonkyApplication          : Starting ZonkyApplication on VSTANDERA with PID 74876 (C:\Repository\ZonkyTestL\target\classes started by vstan in C:\Repository\ZonkyTestL)
2019-02-25 16:27:52.453  INFO 74876 --- [main] com.test.zonky.ZonkyApplication          : No active profile set, falling back to default profiles: default
2019-02-25 16:27:52.583  INFO 74876 --- [main] ConfigServletWebServerApplicationContext : Refreshing org.springframework.boot.web.servlet.context.AnnotationConfigServletWebServerApplicationContext@f5ac9e4: startup date [Mon Feb 25 16:27:52 CET 2019]; root of context hierarchy
2019-02-25 16:27:54.706  INFO 74876 --- [main] trationDelegate$BeanPostProcessorChecker : Bean 'org.springframework.transaction.annotation.ProxyTransactionManagementConfiguration' of type [org.springframework.transaction.annotation.ProxyTransactionManagementConfiguration$$EnhancerBySpringCGLIB$$eeff1c2] is not eligible for getting processed by all BeanPostProcessors (for example: not eligible for auto-proxying)
2019-02-25 16:27:54.967  INFO 74876 --- [main] o.s.b.w.embedded.tomcat.TomcatWebServer  : Tomcat initialized with port(s): 8080 (http)
2019-02-25 16:27:54.986  INFO 74876 --- [main] o.apache.catalina.core.StandardService   : Starting service [Tomcat]
2019-02-25 16:27:54.986  INFO 74876 --- [main] org.apache.catalina.core.StandardEngine  : Starting Servlet Engine: Apache Tomcat/8.5.31
2019-02-25 16:27:54.991  INFO 74876 --- [localhost-startStop-1] o.a.catalina.core.AprLifecycleListener   : The APR based Apache Tomcat Native library which allows optimal performance in production environments was not found on the java.library.path: [C:\Program Files\Java\jdk1.8.0_144\bin;C:\WINDOWS\Sun\Java\bin;C:\WINDOWS\system32;C:\WINDOWS;C:\ProgramData\DockerDesktop\version-bin;C:\Program Files\Docker\Docker\Resources\bin;C:\Program Files (x86)\Intel\Intel(R) Management Engine Components\iCLS\;C:\Program Files\Intel\Intel(R) Management Engine Components\iCLS\;C:\Program Files (x86)\Common Files\Oracle\Java\javapath;C:\ProgramData\Oracle\Java\javapath;C:\WINDOWS\system32;C:\WINDOWS;C:\WINDOWS\System32\Wbem;C:\WINDOWS\System32\WindowsPowerShell\v1.0\;c:\apache-maven-3.5.0\bin;C:\Program Files (x86)\WinMerge;C:\Program Files\TortoiseSVN\bin;C:\PostgreSQL\pg96\bin;C:\Program Files\TortoiseGit\bin;C:\Program Files\PuTTY\;C:\Program Files\Git\cmd;c:\Program Files\Java\jdk1.8.0_144\bin\;C:\Program Files\nodejs\;C:\WINDOWS\System32\OpenSSH\;c:\geckodriver\;c:\gradle-4.9\gradle-4.9\bin;C:\Program Files (x86)\Intel\Intel(R) Management Engine Components\DAL;C:\Program Files\Intel\Intel(R) Management Engine Components\DAL;C:\Program Files (x86)\Intel\Intel(R) Management Engine Components\IPT;C:\Program Files\Intel\Intel(R) Management Engine Components\IPT;C:\Program Files (x86)\Bitvise SSH Client;C:\Program Files (x86)\Google\Google Apps Sync\;C:\Program Files (x86)\Google\Google Apps Migration\;C:\Users\vstan\AppData\Local\Microsoft\WindowsApps;C:\Users\vstan\AppData\Roaming\npm;C:\Users\vstan\AppData\Local\GitHubDesktop\bin;.]
2019-02-25 16:27:55.111  INFO 74876 --- [localhost-startStop-1] o.a.c.c.C.[Tomcat].[localhost].[/]       : Initializing Spring embedded WebApplicationContext
2019-02-25 16:27:55.111  INFO 74876 --- [localhost-startStop-1] o.s.web.context.ContextLoader            : Root WebApplicationContext: initialization completed in 2528 ms
2019-02-25 16:27:55.326  INFO 74876 --- [localhost-startStop-1] o.s.b.w.servlet.ServletRegistrationBean  : Servlet dispatcherServlet mapped to [/]
2019-02-25 16:27:55.332  INFO 74876 --- [localhost-startStop-1] o.s.b.w.servlet.FilterRegistrationBean   : Mapping filter: 'characterEncodingFilter' to: [/*]
2019-02-25 16:27:55.333  INFO 74876 --- [localhost-startStop-1] o.s.b.w.servlet.FilterRegistrationBean   : Mapping filter: 'hiddenHttpMethodFilter' to: [/*]
2019-02-25 16:27:55.334  INFO 74876 --- [localhost-startStop-1] o.s.b.w.servlet.FilterRegistrationBean   : Mapping filter: 'httpPutFormContentFilter' to: [/*]
2019-02-25 16:27:55.335  INFO 74876 --- [localhost-startStop-1] o.s.b.w.servlet.FilterRegistrationBean   : Mapping filter: 'requestContextFilter' to: [/*]
2019-02-25 16:27:55.515  INFO 74876 --- [main] com.zaxxer.hikari.HikariDataSource       : HikariPool-1 - Starting...
2019-02-25 16:27:55.771  INFO 74876 --- [main] com.zaxxer.hikari.HikariDataSource       : HikariPool-1 - Start completed.
2019-02-25 16:27:55.837  INFO 74876 --- [main] j.LocalContainerEntityManagerFactoryBean : Building JPA container EntityManagerFactory for persistence unit 'default'
2019-02-25 16:27:55.854  INFO 74876 --- [main] o.hibernate.jpa.internal.util.LogHelper  : HHH000204: Processing PersistenceUnitInfo [
	name: default
	...]
2019-02-25 16:27:56.078  INFO 74876 --- [main] org.hibernate.Version                    : HHH000412: Hibernate Core {5.2.17.Final}
2019-02-25 16:27:56.083  INFO 74876 --- [main] org.hibernate.cfg.Environment            : HHH000206: hibernate.properties not found
2019-02-25 16:27:56.155  INFO 74876 --- [main] o.hibernate.annotations.common.Version   : HCANN000001: Hibernate Commons Annotations {5.0.1.Final}
2019-02-25 16:27:56.401  INFO 74876 --- [main] org.hibernate.dialect.Dialect            : HHH000400: Using dialect: org.hibernate.dialect.H2Dialect
2019-02-25 16:27:56.844  INFO 74876 --- [main] o.h.t.schema.internal.SchemaCreatorImpl  : HHH000476: Executing import script 'org.hibernate.tool.schema.internal.exec.ScriptSourceInputNonExistentImpl@73010765'
2019-02-25 16:27:56.850  INFO 74876 --- [main] j.LocalContainerEntityManagerFactoryBean : Initialized JPA EntityManagerFactory for persistence unit 'default'
2019-02-25 16:27:56.983  INFO 74876 --- [main] o.s.w.s.handler.SimpleUrlHandlerMapping  : Mapped URL path [/**/favicon.ico] onto handler of type [class org.springframework.web.servlet.resource.ResourceHttpRequestHandler]
2019-02-25 16:27:57.288  INFO 74876 --- [main] s.w.s.m.m.a.RequestMappingHandlerAdapter : Looking for @ControllerAdvice: org.springframework.boot.web.servlet.context.AnnotationConfigServletWebServerApplicationContext@f5ac9e4: startup date [Mon Feb 25 16:27:52 CET 2019]; root of context hierarchy
2019-02-25 16:27:57.328  WARN 74876 --- [main] aWebConfiguration$JpaWebMvcConfiguration : spring.jpa.open-in-view is enabled by default. Therefore, database queries may be performed during view rendering. Explicitly configure spring.jpa.open-in-view to disable this warning
2019-02-25 16:27:57.369  INFO 74876 --- [main] s.w.s.m.m.a.RequestMappingHandlerMapping : Mapped "{[/marketplace],methods=[GET]}" onto public java.lang.String com.test.zonky.controllers.MarketController.getAllFines(org.springframework.ui.Model)
2019-02-25 16:27:57.371  INFO 74876 --- [main] s.w.s.m.m.a.RequestMappingHandlerMapping : Mapped "{[/zonky/marketplace]}" onto public org.springframework.http.ResponseEntity<java.util.List<com.test.zonky.data.Loan>> com.test.zonky.controllers.MarketRestController.getMarketplaceZonky()
2019-02-25 16:27:57.373  INFO 74876 --- [main] s.w.s.m.m.a.RequestMappingHandlerMapping : Mapped "{[/error]}" onto public org.springframework.http.ResponseEntity<java.util.Map<java.lang.String, java.lang.Object>> org.springframework.boot.autoconfigure.web.servlet.error.BasicErrorController.error(javax.servlet.http.HttpServletRequest)
2019-02-25 16:27:57.374  INFO 74876 --- [main] s.w.s.m.m.a.RequestMappingHandlerMapping : Mapped "{[/error],produces=[text/html]}" onto public org.springframework.web.servlet.ModelAndView org.springframework.boot.autoconfigure.web.servlet.error.BasicErrorController.errorHtml(javax.servlet.http.HttpServletRequest,javax.servlet.http.HttpServletResponse)
2019-02-25 16:27:57.410  INFO 74876 --- [main] o.s.w.s.handler.SimpleUrlHandlerMapping  : Mapped URL path [/webjars/**] onto handler of type [class org.springframework.web.servlet.resource.ResourceHttpRequestHandler]
2019-02-25 16:27:57.411  INFO 74876 --- [main] o.s.w.s.handler.SimpleUrlHandlerMapping  : Mapped URL path [/**] onto handler of type [class org.springframework.web.servlet.resource.ResourceHttpRequestHandler]
2019-02-25 16:27:57.937  INFO 74876 --- [main] o.s.j.e.a.AnnotationMBeanExporter        : Registering beans for JMX exposure on startup
2019-02-25 16:27:57.939  INFO 74876 --- [main] o.s.j.e.a.AnnotationMBeanExporter        : Bean with name 'dataSource' has been autodetected for JMX exposure
2019-02-25 16:27:57.946  INFO 74876 --- [main] o.s.j.e.a.AnnotationMBeanExporter        : Located MBean 'dataSource': registering with JMX server as MBean [com.zaxxer.hikari:name=dataSource,type=HikariDataSource]
2019-02-25 16:27:57.958  INFO 74876 --- [main] s.a.ScheduledAnnotationBeanPostProcessor : No TaskScheduler/ScheduledExecutorService bean found for scheduled processing
2019-02-25 16:27:58.020  INFO 74876 --- [main] o.s.b.w.embedded.tomcat.TomcatWebServer  : Tomcat started on port(s): 8080 (http) with context path ''
2019-02-25 16:27:58.026  INFO 74876 --- [main] com.test.zonky.ZonkyApplication          : Started ZonkyApplication in 6.282 seconds (JVM running for 9.101)
2019-02-25 16:27:59.356  INFO 74876 --- [pool-1-thread-1] c.t.z.controllers.MarketRestController   : The loans is change.
2019-02-25 16:28:03.594  INFO 74876 --- [http-nio-8080-exec-1] o.a.c.c.C.[Tomcat].[localhost].[/]       : Initializing Spring FrameworkServlet 'dispatcherServlet'
2019-02-25 16:28:03.595  INFO 74876 --- [http-nio-8080-exec-1] o.s.web.servlet.DispatcherServlet        : FrameworkServlet 'dispatcherServlet': initialization started
2019-02-25 16:28:03.635  INFO 74876 --- [http-nio-8080-exec-1] o.s.web.servlet.DispatcherServlet        : FrameworkServlet 'dispatcherServlet': initialization completed in 40 ms
2019-02-25 16:29:24.978  INFO 46936 --- [main] com.test.zonky.ZonkyApplication          : Starting ZonkyApplication on VSTANDERA with PID 46936 (C:\Repository\ZonkyTestL\target\classes started by vstan in C:\Repository\ZonkyTestL)
2019-02-25 16:29:25.004  INFO 46936 --- [main] com.test.zonky.ZonkyApplication          : No active profile set, falling back to default profiles: default
2019-02-25 16:29:25.080  INFO 46936 --- [main] ConfigServletWebServerApplicationContext : Refreshing org.springframework.boot.web.servlet.context.AnnotationConfigServletWebServerApplicationContext@c33b74f: startup date [Mon Feb 25 16:29:25 CET 2019]; root of context hierarchy
2019-02-25 16:29:27.230  INFO 46936 --- [main] o.s.b.w.embedded.tomcat.TomcatWebServer  : Tomcat initialized with port(s): 8080 (http)
2019-02-25 16:29:27.258  INFO 46936 --- [main] o.apache.catalina.core.StandardService   : Starting service [Tomcat]
2019-02-25 16:29:27.258  INFO 46936 --- [main] org.apache.catalina.core.StandardEngine  : Starting Servlet Engine: Apache Tomcat/8.5.31
2019-02-25 16:29:27.263  INFO 46936 --- [localhost-startStop-1] o.a.catalina.core.AprLifecycleListener   : The APR based Apache Tomcat Native library which allows optimal performance in production environments was not found on the java.library.path: [C:\Program Files\Java\jdk1.8.0_144\bin;C:\WINDOWS\Sun\Java\bin;C:\WINDOWS\system32;C:\WINDOWS;C:\ProgramData\DockerDesktop\version-bin;C:\Program Files\Docker\Docker\Resources\bin;C:\Program Files (x86)\Intel\Intel(R) Management Engine Components\iCLS\;C:\Program Files\Intel\Intel(R) Management Engine Components\iCLS\;C:\Program Files (x86)\Common Files\Oracle\Java\javapath;C:\ProgramData\Oracle\Java\javapath;C:\WINDOWS\system32;C:\WINDOWS;C:\WINDOWS\System32\Wbem;C:\WINDOWS\System32\WindowsPowerShell\v1.0\;c:\apache-maven-3.5.0\bin;C:\Program Files (x86)\WinMerge;C:\Program Files\TortoiseSVN\bin;C:\PostgreSQL\pg96\bin;C:\Program Files\TortoiseGit\bin;C:\Program Files\PuTTY\;C:\Program Files\Git\cmd;c:\Program Files\Java\jdk1.8.0_144\bin\;C:\Program Files\nodejs\;C:\WINDOWS\System32\OpenSSH\;c:\geckodriver\;c:\gradle-4.9\gradle-4.9\bin;C:\Program Files (x86)\Intel\Intel(R) Management Engine Components\DAL;C:\Program Files\Intel\Intel(R) Management Engine Components\DAL;C:\Program Files (x86)\Intel\Intel(R) Management Engine Components\IPT;C:\Program Files\Intel\Intel(R) Management Engine Components\IPT;C:\Program Files (x86)\Bitvise SSH Client;C:\Program Files (x86)\Google\Google Apps Sync\;C:\Program Files (x86)\Google\Google Apps Migration\;C:\Users\vstan\AppData\Local\Microsoft\WindowsApps;C:\Users\vstan\AppData\Roaming\npm;C:\Users\vstan\AppData\Local\GitHubDesktop\bin;.]
2019-02-25 16:29:27.408  INFO 46936 --- [localhost-startStop-1] o.a.c.c.C.[Tomcat].[localhost].[/]       : Initializing Spring embedded WebApplicationContext
2019-02-25 16:29:27.409  INFO 46936 --- [localhost-startStop-1] o.s.web.context.ContextLoader            : Root WebApplicationContext: initialization completed in 2329 ms
2019-02-25 16:29:27.802  INFO 46936 --- [localhost-startStop-1] o.s.b.w.servlet.ServletRegistrationBean  : Servlet dispatcherServlet mapped to [/]
2019-02-25 16:29:27.807  INFO 46936 --- [localhost-startStop-1] o.s.b.w.servlet.FilterRegistrationBean   : Mapping filter: 'characterEncodingFilter' to: [/*]
2019-02-25 16:29:27.808  INFO 46936 --- [localhost-startStop-1] o.s.b.w.servlet.FilterRegistrationBean   : Mapping filter: 'hiddenHttpMethodFilter' to: [/*]
2019-02-25 16:29:27.809  INFO 46936 --- [localhost-startStop-1] o.s.b.w.servlet.FilterRegistrationBean   : Mapping filter: 'httpPutFormContentFilter' to: [/*]
2019-02-25 16:29:27.809  INFO 46936 --- [localhost-startStop-1] o.s.b.w.servlet.FilterRegistrationBean   : Mapping filter: 'requestContextFilter' to: [/*]
2019-02-25 16:29:27.977  INFO 46936 --- [main] o.s.w.s.handler.SimpleUrlHandlerMapping  : Mapped URL path [/**/favicon.ico] onto handler of type [class org.springframework.web.servlet.resource.ResourceHttpRequestHandler]
2019-02-25 16:29:28.811  INFO 46936 --- [main] s.w.s.m.m.a.RequestMappingHandlerAdapter : Looking for @ControllerAdvice: org.springframework.boot.web.servlet.context.AnnotationConfigServletWebServerApplicationContext@c33b74f: startup date [Mon Feb 25 16:29:25 CET 2019]; root of context hierarchy
2019-02-25 16:29:28.899  INFO 46936 --- [main] s.w.s.m.m.a.RequestMappingHandlerMapping : Mapped "{[/marketplace],methods=[GET]}" onto public java.lang.String com.test.zonky.controllers.MarketController.getAllFines(org.springframework.ui.Model)
2019-02-25 16:29:28.901  INFO 46936 --- [main] s.w.s.m.m.a.RequestMappingHandlerMapping : Mapped "{[/zonky/marketplace]}" onto public org.springframework.http.ResponseEntity<java.util.List<com.test.zonky.data.Loan>> com.test.zonky.controllers.MarketRestController.getMarketplaceZonky()
2019-02-25 16:29:28.905  INFO 46936 --- [main] s.w.s.m.m.a.RequestMappingHandlerMapping : Mapped "{[/error]}" onto public org.springframework.http.ResponseEntity<java.util.Map<java.lang.String, java.lang.Object>> org.springframework.boot.autoconfigure.web.servlet.error.BasicErrorController.error(javax.servlet.http.HttpServletRequest)
2019-02-25 16:29:28.906  INFO 46936 --- [main] s.w.s.m.m.a.RequestMappingHandlerMapping : Mapped "{[/error],produces=[text/html]}" onto public org.springframework.web.servlet.ModelAndView org.springframework.boot.autoconfigure.web.servlet.error.BasicErrorController.errorHtml(javax.servlet.http.HttpServletRequest,javax.servlet.http.HttpServletResponse)
2019-02-25 16:29:29.109  INFO 46936 --- [main] o.s.w.s.handler.SimpleUrlHandlerMapping  : Mapped URL path [/webjars/**] onto handler of type [class org.springframework.web.servlet.resource.ResourceHttpRequestHandler]
2019-02-25 16:29:29.109  INFO 46936 --- [main] o.s.w.s.handler.SimpleUrlHandlerMapping  : Mapped URL path [/**] onto handler of type [class org.springframework.web.servlet.resource.ResourceHttpRequestHandler]
2019-02-25 16:29:30.326  INFO 46936 --- [main] o.s.j.e.a.AnnotationMBeanExporter        : Registering beans for JMX exposure on startup
2019-02-25 16:29:30.388  INFO 46936 --- [main] s.a.ScheduledAnnotationBeanPostProcessor : No TaskScheduler/ScheduledExecutorService bean found for scheduled processing
2019-02-25 16:29:30.483  INFO 46936 --- [main] o.s.b.w.embedded.tomcat.TomcatWebServer  : Tomcat started on port(s): 8080 (http) with context path ''
2019-02-25 16:29:30.493  INFO 46936 --- [main] com.test.zonky.ZonkyApplication          : Started ZonkyApplication in 6.164 seconds (JVM running for 8.422)
2019-02-25 16:29:32.511  INFO 46936 --- [pool-1-thread-1] c.t.z.controllers.MarketRestController   : The loans is change.
2019-02-25 16:29:44.335  INFO 46936 --- [http-nio-8080-exec-10] o.a.c.c.C.[Tomcat].[localhost].[/]       : Initializing Spring FrameworkServlet 'dispatcherServlet'
2019-02-25 16:29:44.335  INFO 46936 --- [http-nio-8080-exec-10] o.s.web.servlet.DispatcherServlet        : FrameworkServlet 'dispatcherServlet': initialization started
2019-02-25 16:29:44.356  INFO 46936 --- [http-nio-8080-exec-10] o.s.web.servlet.DispatcherServlet        : FrameworkServlet 'dispatcherServlet': initialization completed in 21 ms
2019-02-25 16:30:46.775  INFO 14096 --- [main] com.test.zonky.ZonkyApplication          : Starting ZonkyApplication on VSTANDERA with PID 14096 (C:\Repository\ZonkyTestL\target\classes started by vstan in C:\Repository\ZonkyTestL)
2019-02-25 16:30:46.780  INFO 14096 --- [main] com.test.zonky.ZonkyApplication          : No active profile set, falling back to default profiles: default
2019-02-25 16:30:46.864  INFO 14096 --- [main] ConfigServletWebServerApplicationContext : Refreshing org.springframework.boot.web.servlet.context.AnnotationConfigServletWebServerApplicationContext@1dde4cb2: startup date [Mon Feb 25 16:30:46 CET 2019]; root of context hierarchy
2019-02-25 16:30:48.206  INFO 14096 --- [main] o.s.b.w.embedded.tomcat.TomcatWebServer  : Tomcat initialized with port(s): 8080 (http)
2019-02-25 16:30:48.249  INFO 14096 --- [main] o.apache.catalina.core.StandardService   : Starting service [Tomcat]
2019-02-25 16:30:48.250  INFO 14096 --- [main] org.apache.catalina.core.StandardEngine  : Starting Servlet Engine: Apache Tomcat/8.5.31
2019-02-25 16:30:48.258  INFO 14096 --- [localhost-startStop-1] o.a.catalina.core.AprLifecycleListener   : The APR based Apache Tomcat Native library which allows optimal performance in production environments was not found on the java.library.path: [C:\Program Files\Java\jdk1.8.0_144\bin;C:\WINDOWS\Sun\Java\bin;C:\WINDOWS\system32;C:\WINDOWS;C:\ProgramData\DockerDesktop\version-bin;C:\Program Files\Docker\Docker\Resources\bin;C:\Program Files (x86)\Intel\Intel(R) Management Engine Components\iCLS\;C:\Program Files\Intel\Intel(R) Management Engine Components\iCLS\;C:\Program Files (x86)\Common Files\Oracle\Java\javapath;C:\ProgramData\Oracle\Java\javapath;C:\WINDOWS\system32;C:\WINDOWS;C:\WINDOWS\System32\Wbem;C:\WINDOWS\System32\WindowsPowerShell\v1.0\;c:\apache-maven-3.5.0\bin;C:\Program Files (x86)\WinMerge;C:\Program Files\TortoiseSVN\bin;C:\PostgreSQL\pg96\bin;C:\Program Files\TortoiseGit\bin;C:\Program Files\PuTTY\;C:\Program Files\Git\cmd;c:\Program Files\Java\jdk1.8.0_144\bin\;C:\Program Files\nodejs\;C:\WINDOWS\System32\OpenSSH\;c:\geckodriver\;c:\gradle-4.9\gradle-4.9\bin;C:\Program Files (x86)\Intel\Intel(R) Management Engine Components\DAL;C:\Program Files\Intel\Intel(R) Management Engine Components\DAL;C:\Program Files (x86)\Intel\Intel(R) Management Engine Components\IPT;C:\Program Files\Intel\Intel(R) Management Engine Components\IPT;C:\Program Files (x86)\Bitvise SSH Client;C:\Program Files (x86)\Google\Google Apps Sync\;C:\Program Files (x86)\Google\Google Apps Migration\;C:\Users\vstan\AppData\Local\Microsoft\WindowsApps;C:\Users\vstan\AppData\Roaming\npm;C:\Users\vstan\AppData\Local\GitHubDesktop\bin;.]
2019-02-25 16:30:48.441  INFO 14096 --- [localhost-startStop-1] o.a.c.c.C.[Tomcat].[localhost].[/]       : Initializing Spring embedded WebApplicationContext
2019-02-25 16:30:48.446  INFO 14096 --- [localhost-startStop-1] o.s.web.context.ContextLoader            : Root WebApplicationContext: initialization completed in 1582 ms
2019-02-25 16:30:48.778  INFO 14096 --- [localhost-startStop-1] o.s.b.w.servlet.ServletRegistrationBean  : Servlet dispatcherServlet mapped to [/]
2019-02-25 16:30:48.784  INFO 14096 --- [localhost-startStop-1] o.s.b.w.servlet.FilterRegistrationBean   : Mapping filter: 'characterEncodingFilter' to: [/*]
2019-02-25 16:30:48.784  INFO 14096 --- [localhost-startStop-1] o.s.b.w.servlet.FilterRegistrationBean   : Mapping filter: 'hiddenHttpMethodFilter' to: [/*]
2019-02-25 16:30:48.785  INFO 14096 --- [localhost-startStop-1] o.s.b.w.servlet.FilterRegistrationBean   : Mapping filter: 'httpPutFormContentFilter' to: [/*]
2019-02-25 16:30:48.785  INFO 14096 --- [localhost-startStop-1] o.s.b.w.servlet.FilterRegistrationBean   : Mapping filter: 'requestContextFilter' to: [/*]
2019-02-25 16:30:48.944  INFO 14096 --- [main] o.s.w.s.handler.SimpleUrlHandlerMapping  : Mapped URL path [/**/favicon.ico] onto handler of type [class org.springframework.web.servlet.resource.ResourceHttpRequestHandler]
2019-02-25 16:30:49.208  INFO 14096 --- [main] s.w.s.m.m.a.RequestMappingHandlerAdapter : Looking for @ControllerAdvice: org.springframework.boot.web.servlet.context.AnnotationConfigServletWebServerApplicationContext@1dde4cb2: startup date [Mon Feb 25 16:30:46 CET 2019]; root of context hierarchy
2019-02-25 16:30:49.281  INFO 14096 --- [main] s.w.s.m.m.a.RequestMappingHandlerMapping : Mapped "{[/marketplace],methods=[GET]}" onto public java.lang.String com.test.zonky.controllers.MarketController.getAllFines(org.springframework.ui.Model)
2019-02-25 16:30:49.283  INFO 14096 --- [main] s.w.s.m.m.a.RequestMappingHandlerMapping : Mapped "{[/zonky/marketplace]}" onto public org.springframework.http.ResponseEntity<java.util.List<com.test.zonky.data.Loan>> com.test.zonky.controllers.MarketRestController.getMarketplaceZonky()
2019-02-25 16:30:49.286  INFO 14096 --- [main] s.w.s.m.m.a.RequestMappingHandlerMapping : Mapped "{[/error]}" onto public org.springframework.http.ResponseEntity<java.util.Map<java.lang.String, java.lang.Object>> org.springframework.boot.autoconfigure.web.servlet.error.BasicErrorController.error(javax.servlet.http.HttpServletRequest)
2019-02-25 16:30:49.287  INFO 14096 --- [main] s.w.s.m.m.a.RequestMappingHandlerMapping : Mapped "{[/error],produces=[text/html]}" onto public org.springframework.web.servlet.ModelAndView org.springframework.boot.autoconfigure.web.servlet.error.BasicErrorController.errorHtml(javax.servlet.http.HttpServletRequest,javax.servlet.http.HttpServletResponse)
2019-02-25 16:30:49.322  INFO 14096 --- [main] o.s.w.s.handler.SimpleUrlHandlerMapping  : Mapped URL path [/webjars/**] onto handler of type [class org.springframework.web.servlet.resource.ResourceHttpRequestHandler]
2019-02-25 16:30:49.322  INFO 14096 --- [main] o.s.w.s.handler.SimpleUrlHandlerMapping  : Mapped URL path [/**] onto handler of type [class org.springframework.web.servlet.resource.ResourceHttpRequestHandler]
2019-02-25 16:30:49.612  INFO 14096 --- [main] o.s.j.e.a.AnnotationMBeanExporter        : Registering beans for JMX exposure on startup
2019-02-25 16:30:49.623  INFO 14096 --- [main] s.a.ScheduledAnnotationBeanPostProcessor : No TaskScheduler/ScheduledExecutorService bean found for scheduled processing
2019-02-25 16:30:49.654  INFO 14096 --- [main] o.s.b.w.embedded.tomcat.TomcatWebServer  : Tomcat started on port(s): 8080 (http) with context path ''
2019-02-25 16:30:49.659  INFO 14096 --- [main] com.test.zonky.ZonkyApplication          : Started ZonkyApplication in 3.343 seconds (JVM running for 4.964)
2019-02-25 16:30:50.582  INFO 14096 --- [pool-1-thread-1] c.t.z.controllers.MarketRestController   : The loans is change.
2019-02-25 16:31:06.918  INFO 14096 --- [http-nio-8080-exec-1] o.a.c.c.C.[Tomcat].[localhost].[/]       : Initializing Spring FrameworkServlet 'dispatcherServlet'
2019-02-25 16:31:06.918  INFO 14096 --- [http-nio-8080-exec-1] o.s.web.servlet.DispatcherServlet        : FrameworkServlet 'dispatcherServlet': initialization started
2019-02-25 16:31:06.941  INFO 14096 --- [http-nio-8080-exec-1] o.s.web.servlet.DispatcherServlet        : FrameworkServlet 'dispatcherServlet': initialization completed in 23 ms
2019-02-25 16:34:06.046  INFO 3824 --- [main] com.test.zonky.ZonkyApplication          : Starting ZonkyApplication on VSTANDERA with PID 3824 (C:\Repository\ZonkyTestL\target\classes started by vstan in C:\Repository\ZonkyTestL)
2019-02-25 16:34:06.053  INFO 3824 --- [main] com.test.zonky.ZonkyApplication          : No active profile set, falling back to default profiles: default
2019-02-25 16:34:06.168  INFO 3824 --- [main] ConfigServletWebServerApplicationContext : Refreshing org.springframework.boot.web.servlet.context.AnnotationConfigServletWebServerApplicationContext@41e36e46: startup date [Mon Feb 25 16:34:06 CET 2019]; root of context hierarchy
2019-02-25 16:34:08.566  INFO 3824 --- [main] o.s.b.w.embedded.tomcat.TomcatWebServer  : Tomcat initialized with port(s): 8080 (http)
2019-02-25 16:34:08.597  INFO 3824 --- [main] o.apache.catalina.core.StandardService   : Starting service [Tomcat]
2019-02-25 16:34:08.598  INFO 3824 --- [main] org.apache.catalina.core.StandardEngine  : Starting Servlet Engine: Apache Tomcat/8.5.31
2019-02-25 16:34:08.605  INFO 3824 --- [localhost-startStop-1] o.a.catalina.core.AprLifecycleListener   : The APR based Apache Tomcat Native library which allows optimal performance in production environments was not found on the java.library.path: [C:\Program Files\Java\jdk1.8.0_144\bin;C:\WINDOWS\Sun\Java\bin;C:\WINDOWS\system32;C:\WINDOWS;C:\ProgramData\DockerDesktop\version-bin;C:\Program Files\Docker\Docker\Resources\bin;C:\Program Files (x86)\Intel\Intel(R) Management Engine Components\iCLS\;C:\Program Files\Intel\Intel(R) Management Engine Components\iCLS\;C:\Program Files (x86)\Common Files\Oracle\Java\javapath;C:\ProgramData\Oracle\Java\javapath;C:\WINDOWS\system32;C:\WINDOWS;C:\WINDOWS\System32\Wbem;C:\WINDOWS\System32\WindowsPowerShell\v1.0\;c:\apache-maven-3.5.0\bin;C:\Program Files (x86)\WinMerge;C:\Program Files\TortoiseSVN\bin;C:\PostgreSQL\pg96\bin;C:\Program Files\TortoiseGit\bin;C:\Program Files\PuTTY\;C:\Program Files\Git\cmd;c:\Program Files\Java\jdk1.8.0_144\bin\;C:\Program Files\nodejs\;C:\WINDOWS\System32\OpenSSH\;c:\geckodriver\;c:\gradle-4.9\gradle-4.9\bin;C:\Program Files (x86)\Intel\Intel(R) Management Engine Components\DAL;C:\Program Files\Intel\Intel(R) Management Engine Components\DAL;C:\Program Files (x86)\Intel\Intel(R) Management Engine Components\IPT;C:\Program Files\Intel\Intel(R) Management Engine Components\IPT;C:\Program Files (x86)\Bitvise SSH Client;C:\Program Files (x86)\Google\Google Apps Sync\;C:\Program Files (x86)\Google\Google Apps Migration\;C:\Users\vstan\AppData\Local\Microsoft\WindowsApps;C:\Users\vstan\AppData\Roaming\npm;C:\Users\vstan\AppData\Local\GitHubDesktop\bin;.]
2019-02-25 16:34:08.749  INFO 3824 --- [localhost-startStop-1] o.a.c.c.C.[Tomcat].[localhost].[/]       : Initializing Spring embedded WebApplicationContext
2019-02-25 16:34:08.750  INFO 3824 --- [localhost-startStop-1] o.s.web.context.ContextLoader            : Root WebApplicationContext: initialization completed in 2582 ms
2019-02-25 16:34:08.974  INFO 3824 --- [localhost-startStop-1] o.s.b.w.servlet.ServletRegistrationBean  : Servlet dispatcherServlet mapped to [/]
2019-02-25 16:34:08.980  INFO 3824 --- [localhost-startStop-1] o.s.b.w.servlet.FilterRegistrationBean   : Mapping filter: 'characterEncodingFilter' to: [/*]
2019-02-25 16:34:08.981  INFO 3824 --- [localhost-startStop-1] o.s.b.w.servlet.FilterRegistrationBean   : Mapping filter: 'hiddenHttpMethodFilter' to: [/*]
2019-02-25 16:34:08.982  INFO 3824 --- [localhost-startStop-1] o.s.b.w.servlet.FilterRegistrationBean   : Mapping filter: 'httpPutFormContentFilter' to: [/*]
2019-02-25 16:34:08.982  INFO 3824 --- [localhost-startStop-1] o.s.b.w.servlet.FilterRegistrationBean   : Mapping filter: 'requestContextFilter' to: [/*]
2019-02-25 16:34:09.169  INFO 3824 --- [main] o.s.w.s.handler.SimpleUrlHandlerMapping  : Mapped URL path [/**/favicon.ico] onto handler of type [class org.springframework.web.servlet.resource.ResourceHttpRequestHandler]
2019-02-25 16:34:09.455  INFO 3824 --- [main] s.w.s.m.m.a.RequestMappingHandlerAdapter : Looking for @ControllerAdvice: org.springframework.boot.web.servlet.context.AnnotationConfigServletWebServerApplicationContext@41e36e46: startup date [Mon Feb 25 16:34:06 CET 2019]; root of context hierarchy
2019-02-25 16:34:09.520  INFO 3824 --- [main] s.w.s.m.m.a.RequestMappingHandlerMapping : Mapped "{[/marketplace],methods=[GET]}" onto public java.lang.String com.test.zonky.controllers.MarketController.getAllFines(org.springframework.ui.Model)
2019-02-25 16:34:09.522  INFO 3824 --- [main] s.w.s.m.m.a.RequestMappingHandlerMapping : Mapped "{[/zonky/marketplace]}" onto public org.springframework.http.ResponseEntity<java.util.List<com.test.zonky.data.Loan>> com.test.zonky.controllers.MarketRestController.getMarketplaceZonky()
2019-02-25 16:34:09.525  INFO 3824 --- [main] s.w.s.m.m.a.RequestMappingHandlerMapping : Mapped "{[/error]}" onto public org.springframework.http.ResponseEntity<java.util.Map<java.lang.String, java.lang.Object>> org.springframework.boot.autoconfigure.web.servlet.error.BasicErrorController.error(javax.servlet.http.HttpServletRequest)
2019-02-25 16:34:09.526  INFO 3824 --- [main] s.w.s.m.m.a.RequestMappingHandlerMapping : Mapped "{[/error],produces=[text/html]}" onto public org.springframework.web.servlet.ModelAndView org.springframework.boot.autoconfigure.web.servlet.error.BasicErrorController.errorHtml(javax.servlet.http.HttpServletRequest,javax.servlet.http.HttpServletResponse)
2019-02-25 16:34:09.560  INFO 3824 --- [main] o.s.w.s.handler.SimpleUrlHandlerMapping  : Mapped URL path [/webjars/**] onto handler of type [class org.springframework.web.servlet.resource.ResourceHttpRequestHandler]
2019-02-25 16:34:09.560  INFO 3824 --- [main] o.s.w.s.handler.SimpleUrlHandlerMapping  : Mapped URL path [/**] onto handler of type [class org.springframework.web.servlet.resource.ResourceHttpRequestHandler]
2019-02-25 16:34:09.869  INFO 3824 --- [main] o.s.j.e.a.AnnotationMBeanExporter        : Registering beans for JMX exposure on startup
2019-02-25 16:34:09.888  INFO 3824 --- [main] s.a.ScheduledAnnotationBeanPostProcessor : No TaskScheduler/ScheduledExecutorService bean found for scheduled processing
2019-02-25 16:34:09.930  INFO 3824 --- [main] o.s.b.w.embedded.tomcat.TomcatWebServer  : Tomcat started on port(s): 8080 (http) with context path ''
2019-02-25 16:34:09.937  INFO 3824 --- [main] com.test.zonky.ZonkyApplication          : Started ZonkyApplication in 4.605 seconds (JVM running for 6.55)
2019-02-25 16:34:11.980  INFO 3824 --- [pool-1-thread-1] c.t.z.controllers.MarketRestController   : The loans is change.
2019-02-25 16:34:16.766  INFO 3824 --- [http-nio-8080-exec-1] o.a.c.c.C.[Tomcat].[localhost].[/]       : Initializing Spring FrameworkServlet 'dispatcherServlet'
2019-02-25 16:34:16.767  INFO 3824 --- [http-nio-8080-exec-1] o.s.web.servlet.DispatcherServlet        : FrameworkServlet 'dispatcherServlet': initialization started
2019-02-25 16:34:16.787  INFO 3824 --- [http-nio-8080-exec-1] o.s.web.servlet.DispatcherServlet        : FrameworkServlet 'dispatcherServlet': initialization completed in 20 ms
2019-02-25 16:36:39.551  INFO 52820 --- [main] com.test.zonky.ZonkyApplication          : Starting ZonkyApplication on VSTANDERA with PID 52820 (C:\Repository\ZonkyTestL\target\classes started by vstan in C:\Repository\ZonkyTestL)
2019-02-25 16:36:39.556  INFO 52820 --- [main] com.test.zonky.ZonkyApplication          : No active profile set, falling back to default profiles: default
2019-02-25 16:36:39.673  INFO 52820 --- [main] ConfigServletWebServerApplicationContext : Refreshing org.springframework.boot.web.servlet.context.AnnotationConfigServletWebServerApplicationContext@647e447: startup date [Mon Feb 25 16:36:39 CET 2019]; root of context hierarchy
2019-02-25 16:36:41.011  INFO 52820 --- [main] o.s.b.w.embedded.tomcat.TomcatWebServer  : Tomcat initialized with port(s): 8080 (http)
2019-02-25 16:36:41.078  INFO 52820 --- [main] o.apache.catalina.core.StandardService   : Starting service [Tomcat]
2019-02-25 16:36:41.079  INFO 52820 --- [main] org.apache.catalina.core.StandardEngine  : Starting Servlet Engine: Apache Tomcat/8.5.31
2019-02-25 16:36:41.093  INFO 52820 --- [localhost-startStop-1] o.a.catalina.core.AprLifecycleListener   : The APR based Apache Tomcat Native library which allows optimal performance in production environments was not found on the java.library.path: [C:\Program Files\Java\jdk1.8.0_144\bin;C:\WINDOWS\Sun\Java\bin;C:\WINDOWS\system32;C:\WINDOWS;C:\ProgramData\DockerDesktop\version-bin;C:\Program Files\Docker\Docker\Resources\bin;C:\Program Files (x86)\Intel\Intel(R) Management Engine Components\iCLS\;C:\Program Files\Intel\Intel(R) Management Engine Components\iCLS\;C:\Program Files (x86)\Common Files\Oracle\Java\javapath;C:\ProgramData\Oracle\Java\javapath;C:\WINDOWS\system32;C:\WINDOWS;C:\WINDOWS\System32\Wbem;C:\WINDOWS\System32\WindowsPowerShell\v1.0\;c:\apache-maven-3.5.0\bin;C:\Program Files (x86)\WinMerge;C:\Program Files\TortoiseSVN\bin;C:\PostgreSQL\pg96\bin;C:\Program Files\TortoiseGit\bin;C:\Program Files\PuTTY\;C:\Program Files\Git\cmd;c:\Program Files\Java\jdk1.8.0_144\bin\;C:\Program Files\nodejs\;C:\WINDOWS\System32\OpenSSH\;c:\geckodriver\;c:\gradle-4.9\gradle-4.9\bin;C:\Program Files (x86)\Intel\Intel(R) Management Engine Components\DAL;C:\Program Files\Intel\Intel(R) Management Engine Components\DAL;C:\Program Files (x86)\Intel\Intel(R) Management Engine Components\IPT;C:\Program Files\Intel\Intel(R) Management Engine Components\IPT;C:\Program Files (x86)\Bitvise SSH Client;C:\Program Files (x86)\Google\Google Apps Sync\;C:\Program Files (x86)\Google\Google Apps Migration\;C:\Users\vstan\AppData\Local\Microsoft\WindowsApps;C:\Users\vstan\AppData\Roaming\npm;C:\Users\vstan\AppData\Local\GitHubDesktop\bin;.]
2019-02-25 16:36:41.298  INFO 52820 --- [localhost-startStop-1] o.a.c.c.C.[Tomcat].[localhost].[/]       : Initializing Spring embedded WebApplicationContext
2019-02-25 16:36:41.299  INFO 52820 --- [localhost-startStop-1] o.s.web.context.ContextLoader            : Root WebApplicationContext: initialization completed in 1626 ms
2019-02-25 16:36:41.479  INFO 52820 --- [localhost-startStop-1] o.s.b.w.servlet.ServletRegistrationBean  : Servlet dispatcherServlet mapped to [/]
2019-02-25 16:36:41.483  INFO 52820 --- [localhost-startStop-1] o.s.b.w.servlet.FilterRegistrationBean   : Mapping filter: 'characterEncodingFilter' to: [/*]
2019-02-25 16:36:41.484  INFO 52820 --- [localhost-startStop-1] o.s.b.w.servlet.FilterRegistrationBean   : Mapping filter: 'hiddenHttpMethodFilter' to: [/*]
2019-02-25 16:36:41.484  INFO 52820 --- [localhost-startStop-1] o.s.b.w.servlet.FilterRegistrationBean   : Mapping filter: 'httpPutFormContentFilter' to: [/*]
2019-02-25 16:36:41.484  INFO 52820 --- [localhost-startStop-1] o.s.b.w.servlet.FilterRegistrationBean   : Mapping filter: 'requestContextFilter' to: [/*]
2019-02-25 16:36:41.677  INFO 52820 --- [main] o.s.w.s.handler.SimpleUrlHandlerMapping  : Mapped URL path [/**/favicon.ico] onto handler of type [class org.springframework.web.servlet.resource.ResourceHttpRequestHandler]
2019-02-25 16:36:41.903  INFO 52820 --- [main] s.w.s.m.m.a.RequestMappingHandlerAdapter : Looking for @ControllerAdvice: org.springframework.boot.web.servlet.context.AnnotationConfigServletWebServerApplicationContext@647e447: startup date [Mon Feb 25 16:36:39 CET 2019]; root of context hierarchy
2019-02-25 16:36:41.950  INFO 52820 --- [main] s.w.s.m.m.a.RequestMappingHandlerMapping : Mapped "{[/marketplace],methods=[GET]}" onto public java.lang.String com.test.zonky.controllers.MarketController.getAllFines(org.springframework.ui.Model)
2019-02-25 16:36:41.951  INFO 52820 --- [main] s.w.s.m.m.a.RequestMappingHandlerMapping : Mapped "{[/zonky/marketplace]}" onto public org.springframework.http.ResponseEntity<java.util.List<com.test.zonky.data.Loan>> com.test.zonky.controllers.MarketRestController.getMarketplaceZonky()
2019-02-25 16:36:41.954  INFO 52820 --- [main] s.w.s.m.m.a.RequestMappingHandlerMapping : Mapped "{[/error]}" onto public org.springframework.http.ResponseEntity<java.util.Map<java.lang.String, java.lang.Object>> org.springframework.boot.autoconfigure.web.servlet.error.BasicErrorController.error(javax.servlet.http.HttpServletRequest)
2019-02-25 16:36:41.954  INFO 52820 --- [main] s.w.s.m.m.a.RequestMappingHandlerMapping : Mapped "{[/error],produces=[text/html]}" onto public org.springframework.web.servlet.ModelAndView org.springframework.boot.autoconfigure.web.servlet.error.BasicErrorController.errorHtml(javax.servlet.http.HttpServletRequest,javax.servlet.http.HttpServletResponse)
2019-02-25 16:36:41.975  INFO 52820 --- [main] o.s.w.s.handler.SimpleUrlHandlerMapping  : Mapped URL path [/webjars/**] onto handler of type [class org.springframework.web.servlet.resource.ResourceHttpRequestHandler]
2019-02-25 16:36:41.976  INFO 52820 --- [main] o.s.w.s.handler.SimpleUrlHandlerMapping  : Mapped URL path [/**] onto handler of type [class org.springframework.web.servlet.resource.ResourceHttpRequestHandler]
2019-02-25 16:36:42.171  INFO 52820 --- [main] o.s.j.e.a.AnnotationMBeanExporter        : Registering beans for JMX exposure on startup
2019-02-25 16:36:42.188  INFO 52820 --- [main] s.a.ScheduledAnnotationBeanPostProcessor : No TaskScheduler/ScheduledExecutorService bean found for scheduled processing
2019-02-25 16:36:42.225  INFO 52820 --- [main] o.s.b.w.embedded.tomcat.TomcatWebServer  : Tomcat started on port(s): 8080 (http) with context path ''
2019-02-25 16:36:42.231  INFO 52820 --- [main] com.test.zonky.ZonkyApplication          : Started ZonkyApplication in 3.154 seconds (JVM running for 4.803)
2019-02-25 16:36:44.366  INFO 52820 --- [pool-1-thread-1] c.t.z.controllers.MarketRestController   : The loans is change.
2019-02-25 16:36:47.761  INFO 52820 --- [http-nio-8080-exec-1] o.a.c.c.C.[Tomcat].[localhost].[/]       : Initializing Spring FrameworkServlet 'dispatcherServlet'
2019-02-25 16:36:47.761  INFO 52820 --- [http-nio-8080-exec-1] o.s.web.servlet.DispatcherServlet        : FrameworkServlet 'dispatcherServlet': initialization started
2019-02-25 16:36:47.783  INFO 52820 --- [http-nio-8080-exec-1] o.s.web.servlet.DispatcherServlet        : FrameworkServlet 'dispatcherServlet': initialization completed in 22 ms
